<?xml version="1.0" encoding="UTF-8"?>
<!-- Generated by org.testng.reporters.JUnitReportReporter -->
<testsuite hostname="DESKTOP-V3ALF3J" failures="0" tests="3" name="main.ProductServiceTest" time="0.004" errors="0" timestamp="2021-12-17T01:02:23 OMST" skipped="0">
  <testcase classname="main.ProductServiceTest" name="testCounter" time="0.001"/>
  <system-out/>
  <testcase classname="main.ProductServiceTest" name="testDeepCounter" time="0.001"/>
  <system-out/>
  <testcase classname="main.ProductServiceTest" name="testCheckAllWeighted" time="0.002"/>
  <system-out/>
</testsuite> <!-- main.ProductServiceTest -->
