<?xml version="1.0" encoding="UTF-8"?>
<!-- Generated by org.testng.reporters.JUnitReportReporter -->
<testsuite hostname="DESKTOP-V3ALF3J" failures="0" tests="3" name="main.ProductBatchTest" time="0.001" errors="0" timestamp="2021-12-17T01:02:23 OMST" skipped="0">
  <testcase classname="main.ProductBatchTest" name="testGetDescription" time="0.000"/>
  <system-out/>
  <testcase classname="main.ProductBatchTest" name="testGetWeight" time="0.001"/>
  <system-out/>
  <testcase classname="main.ProductBatchTest" name="testGetProducts" time="0.000"/>
  <system-out/>
</testsuite> <!-- main.ProductBatchTest -->
