<?xml version="1.0" encoding="UTF-8"?>
<!-- Generated by org.testng.reporters.JUnitReportReporter -->
<testsuite hostname="DESKTOP-V3ALF3J" failures="0" tests="1" name="main.PieceProductTest" time="0.000" errors="0" timestamp="2021-12-16T22:31:46 OMST" skipped="0">
  <testcase classname="main.PieceProductTest" name="testConstructorNegativeWeight" time="0.000"/>
  <system-out/>
</testsuite> <!-- main.PieceProductTest -->
