<?xml version="1.0" encoding="UTF-8"?>
<!-- Generated by org.testng.reporters.JUnitReportReporter -->
<testsuite hostname="DESKTOP-V3ALF3J" failures="0" tests="4" name="main.PackagedPieceProductTest" time="0.001" errors="0" timestamp="2021-12-16T22:31:46 OMST" skipped="0">
  <testcase classname="main.PackagedPieceProductTest" name="testGetNetWeight" time="0.000"/>
  <system-out/>
  <testcase classname="main.PackagedPieceProductTest" name="testGetGrossWeight" time="0.000"/>
  <system-out/>
  <testcase classname="main.PackagedPieceProductTest" name="testGetCount" time="0.000"/>
  <system-out/>
  <testcase classname="main.PackagedPieceProductTest" name="testGetProduct" time="0.001"/>
  <system-out/>
</testsuite> <!-- main.PackagedPieceProductTest -->
