<?xml version="1.0" encoding="UTF-8"?>
<!-- Generated by org.testng.reporters.JUnitReportReporter -->
<testsuite hostname="DESKTOP-V3ALF3J" failures="0" tests="6" name="main.ProductTest" time="0.002" errors="0" timestamp="2021-12-17T01:02:23 OMST" skipped="0">
  <testcase classname="main.ProductTest" name="testConstructorNullDescription" time="0.000"/>
  <system-out/>
  <testcase classname="main.ProductTest" name="equalsTest" time="0.000"/>
  <system-out/>
  <testcase classname="main.ProductTest" name="toStringTest" time="0.001"/>
  <system-out/>
  <testcase classname="main.ProductTest" name="testConstructorNullName" time="0.000"/>
  <system-out/>
  <testcase classname="main.ProductTest" name="getWeightTest" time="0.000"/>
  <system-out/>
  <testcase classname="main.ProductTest" name="getNameTest" time="0.001"/>
  <system-out/>
</testsuite> <!-- main.ProductTest -->
