<?xml version="1.0" encoding="UTF-8"?>
<!-- Generated by org.testng.reporters.JUnitReportReporter -->
<testsuite hostname="DESKTOP-V3ALF3J" failures="0" tests="3" name="main.PackagedProductSetTest" time="0.005" errors="0" timestamp="2021-12-17T01:02:23 OMST" skipped="0">
  <testcase classname="main.PackagedProductSetTest" name="testGetNetWeight" time="0.000"/>
  <system-out/>
  <testcase classname="main.PackagedProductSetTest" name="testGetGrossWeight" time="0.004"/>
  <system-out/>
  <testcase classname="main.PackagedProductSetTest" name="testGetProducts" time="0.001"/>
  <system-out/>
</testsuite> <!-- main.PackagedProductSetTest -->
