<?xml version="1.0" encoding="UTF-8"?>
<!-- Generated by org.testng.reporters.JUnitReportReporter -->
<testsuite hostname="DESKTOP-V3ALF3J" failures="0" tests="2" name="main.WeightProductTest" time="0.000" errors="0" timestamp="2021-12-17T01:02:23 OMST" skipped="0">
  <testcase classname="main.WeightProductTest" name="testConstructorNullDescription" time="0.000"/>
  <system-out/>
  <testcase classname="main.WeightProductTest" name="testConstructorNullName" time="0.000"/>
  <system-out/>
</testsuite> <!-- main.WeightProductTest -->
