<?xml version="1.0" encoding="UTF-8"?>
<!-- Generated by org.testng.reporters.JUnitReportReporter -->
<testsuite hostname="DESKTOP-V3ALF3J" failures="0" tests="6" name="main.ProductPackagingTest" time="0.009" errors="0" timestamp="2021-12-17T01:02:23 OMST" skipped="0">
  <testcase classname="main.ProductPackagingTest" name="equalsTest" time="0.000"/>
  <system-out/>
  <testcase classname="main.ProductPackagingTest" name="getNameTest" time="0.000"/>
  <system-out/>
  <testcase classname="main.ProductPackagingTest" name="testConstructorNullName" time="0.000"/>
  <system-out/>
  <testcase classname="main.ProductPackagingTest" name="getWeightTest" time="0.000"/>
  <system-out/>
  <testcase classname="main.ProductPackagingTest" name="testConstructorNegativeWeight" time="0.000"/>
  <system-out/>
  <testcase classname="main.ProductPackagingTest" name="toStringTest" time="0.009"/>
  <system-out/>
</testsuite> <!-- main.ProductPackagingTest -->
