<?xml version="1.0" encoding="UTF-8"?>
<!-- Generated by org.testng.reporters.JUnitReportReporter -->
<testsuite hostname="DESKTOP-V3ALF3J" failures="0" tests="3" name="main.PackagedWeightProductTest" time="0.000" errors="0" timestamp="2021-12-16T22:31:46 OMST" skipped="0">
  <testcase classname="main.PackagedWeightProductTest" name="testConstructorNegativeWeight" time="0.000"/>
  <system-out/>
  <testcase classname="main.PackagedWeightProductTest" name="testGetNetWeight" time="0.000"/>
  <system-out/>
  <testcase classname="main.PackagedWeightProductTest" name="testGetGrossWeight" time="0.000"/>
  <system-out/>
</testsuite> <!-- main.PackagedWeightProductTest -->
