<?xml version="1.0" encoding="UTF-8"?>
<!-- Generated by org.testng.reporters.JUnitReportReporter -->
<testsuite hostname="DESKTOP-V3ALF3J" failures="0" tests="3" name="main.BeginStringFilterTest" time="0.006" errors="0" timestamp="2021-12-17T01:02:23 OMST" skipped="0">
  <testcase classname="main.BeginStringFilterTest" name="testGetPattern" time="0.000"/>
  <system-out/>
  <testcase classname="main.BeginStringFilterTest" name="testApplyOK" time="0.001"/>
  <system-out/>
  <testcase classname="main.BeginStringFilterTest" name="testApplyFalse" time="0.005"/>
  <system-out/>
</testsuite> <!-- main.BeginStringFilterTest -->
